<?xml version="1.0" encoding="UTF-8"?>
<!-- Generated by org.testng.reporters.JUnitXMLReporter -->
<testsuite ignored="4" hostname="DESKTOP-EPG0GEV" failures="0" tests="5" name="Test" time="75.761" errors="0" timestamp="2022-11-10T13:54:01 IST">
  <testcase classname="Testcases.LoginPage" name="LoginTest" time="4.381"/>
  <testcase classname="Testcases.Test1" name="m1" time="0.01"/>
  <testcase classname="Testcases.Test1" name="ViewTime" time="43.021"/>
  <testcase classname="Testcases.Users" name="m1" time="0.006"/>
  <testcase classname="Testcases.Users" name="user" time="18.253"/>
  <testcase classname="Helpers.Login" name="@AfterTest TearDown" time="0.0">
    <ignored/>
  </testcase> <!-- @AfterTest TearDown -->
  <testcase classname="Helpers.Login" name="@AfterTest TearDown" time="0.0">
    <ignored/>
  </testcase> <!-- @AfterTest TearDown -->
  <testcase classname="Helpers.Login" name="@BeforeTest Setup" time="0.0">
    <ignored/>
  </testcase> <!-- @BeforeTest Setup -->
  <testcase classname="Helpers.Login" name="@BeforeTest Setup" time="0.0">
    <ignored/>
  </testcase> <!-- @BeforeTest Setup -->
</testsuite> <!-- Test -->
