<?xml version="1.0" encoding="UTF-8"?>
<testng-results ignored="0" total="1" passed="1" failed="0" skipped="0">
  <reporter-output>
  </reporter-output>
  <suite started-at="2022-11-10T14:19:19 IST" name="Default suite" finished-at="2022-11-10T14:19:41 IST" duration-ms="21282">
    <groups>
    </groups>
    <test started-at="2022-11-10T14:19:19 IST" name="Default test" finished-at="2022-11-10T14:19:41 IST" duration-ms="21282">
      <class name="Testcases.LoginPage">
        <test-method is-config="true" signature="Setup()[pri:0, instance:Testcases.LoginPage@659499f1]" started-at="2022-11-10T14:19:19 IST" name="Setup" finished-at="2022-11-10T14:19:36 IST" duration-ms="16859" status="PASS">
          <reporter-output>
          </reporter-output>
        </test-method> <!-- Setup -->
        <test-method signature="LoginTest()[pri:0, instance:Testcases.LoginPage@659499f1]" started-at="2022-11-10T14:19:36 IST" name="LoginTest" finished-at="2022-11-10T14:19:41 IST" duration-ms="4209" status="PASS">
          <reporter-output>
          </reporter-output>
        </test-method> <!-- LoginTest -->
        <test-method is-config="true" signature="TearDown()[pri:0, instance:Testcases.LoginPage@659499f1]" started-at="2022-11-10T14:19:41 IST" name="TearDown" finished-at="2022-11-10T14:19:41 IST" duration-ms="181" status="PASS">
          <reporter-output>
          </reporter-output>
        </test-method> <!-- TearDown -->
      </class> <!-- Testcases.LoginPage -->
    </test> <!-- Default test -->
  </suite> <!-- Default suite -->
</testng-results>
